<?xml version="1.0" encoding="UTF-8"?>
<!-- Generated by org.testng.reporters.JUnitReportReporter -->
<testsuite hostname="DESKTOP-FA7RMJ3" failures="0" tests="1" name="com.ExemptionTimeoutTest" time="0.012" errors="0" timestamp="13 Jun 2019 17:04:22 GMT" skipped="0">
  <testcase classname="com.ExemptionTimeoutTest" name="Test1" time="0.012"/>
</testsuite> <!-- com.ExemptionTimeoutTest -->
