<?xml version="1.0" encoding="UTF-8"?>
<!-- Generated by org.testng.reporters.JUnitReportReporter -->
<testsuite hostname="DESKTOP-FA7RMJ3" failures="0" tests="4" name="com.testngbasic2" time="0.017" errors="0" timestamp="13 Jun 2019 15:50:22 GMT" skipped="0">
  <testcase classname="com.testngbasic2" name="Search" time="0.010"/>
  <testcase classname="com.testngbasic2" name="logocheck" time="0.002"/>
  <testcase classname="com.testngbasic2" name="googleTitleText" time="0.003"/>
  <testcase classname="com.testngbasic2" name="urlcheck" time="0.002"/>
</testsuite> <!-- com.testngbasic2 -->
