<?xml version="1.0" encoding="UTF-8"?>
<!-- Generated by org.testng.reporters.JUnitReportReporter -->
<testsuite hostname="DESKTOP-FA7RMJ3" failures="0" tests="10" name="com.InnvocationcountTest" time="0.028" errors="0" timestamp="13 Jun 2019 15:55:28 GMT" skipped="0">
  <testcase classname="com.InnvocationcountTest" name="Sum" time="0.001"/>
  <testcase classname="com.InnvocationcountTest" name="Sum" time="0.004"/>
  <testcase classname="com.InnvocationcountTest" name="Sum" time="0.001"/>
  <testcase classname="com.InnvocationcountTest" name="Sum" time="0.000"/>
  <testcase classname="com.InnvocationcountTest" name="Sum" time="0.002"/>
  <testcase classname="com.InnvocationcountTest" name="Sum" time="0.003"/>
  <testcase classname="com.InnvocationcountTest" name="Sum" time="0.002"/>
  <testcase classname="com.InnvocationcountTest" name="Sum" time="0.001"/>
  <testcase classname="com.InnvocationcountTest" name="Sum" time="0.011"/>
  <testcase classname="com.InnvocationcountTest" name="Sum" time="0.003"/>
</testsuite> <!-- com.InnvocationcountTest -->
